<?xml version="1.0" encoding="UTF-8"?>
<testng-results skipped="0" failed="0" total="1" passed="1">
  <reporter-output>
  </reporter-output>
  <suite name="Default suite" duration-ms="107051" started-at="2018-11-14T09:25:31Z" finished-at="2018-11-14T09:27:18Z">
    <groups>
    </groups>
    <test name="Default test" duration-ms="107051" started-at="2018-11-14T09:25:31Z" finished-at="2018-11-14T09:27:18Z">
      <class name="DriverFactory.DriverScript">
        <test-method status="PASS" signature="launchApp()[pri:0, instance:DriverFactory.DriverScript@29774679]" name="launchApp" is-config="true" duration-ms="10816" started-at="2018-11-14T14:55:31Z" finished-at="2018-11-14T14:55:41Z">
          <reporter-output>
          </reporter-output>
        </test-method> <!-- launchApp -->
        <test-method status="PASS" signature="keywordDrivenTest()[pri:0, instance:DriverFactory.DriverScript@29774679]" name="keywordDrivenTest" duration-ms="95558" started-at="2018-11-14T14:55:41Z" finished-at="2018-11-14T14:57:17Z">
          <reporter-output>
          </reporter-output>
        </test-method> <!-- keywordDrivenTest -->
        <test-method status="PASS" signature="closeApp()[pri:0, instance:DriverFactory.DriverScript@29774679]" name="closeApp" is-config="true" duration-ms="629" started-at="2018-11-14T14:57:17Z" finished-at="2018-11-14T14:57:18Z">
          <reporter-output>
          </reporter-output>
        </test-method> <!-- closeApp -->
      </class> <!-- DriverFactory.DriverScript -->
    </test> <!-- Default test -->
  </suite> <!-- Default suite -->
</testng-results>
